[2019-11-19T17:12:35.661] [DEBUG] cheese - login => username:meimei,password:123
[2019-11-19T17:12:36.055] [DEBUG] cheese - meimei
[2019-11-19T17:12:36.066] [DEBUG] cheese - null
[2019-11-19T17:12:36.067] [DEBUG] cheese - null
[2019-11-19T18:45:12.602] [DEBUG] cheese - login => username:admin,password:123456
[2019-11-19T18:45:12.628] [DEBUG] cheese - admin
[2019-11-19T18:45:12.690] [DEBUG] cheese - null
[2019-11-19T18:45:12.690] [DEBUG] cheese - null
[2019-11-19T18:53:28.626] [DEBUG] cheese - login => username:admin,password:123456
[2019-11-19T18:53:28.628] [DEBUG] cheese - admin
[2019-11-19T18:53:28.646] [DEBUG] cheese - null
[2019-11-19T18:53:28.647] [DEBUG] cheese - null
[2019-11-19T18:53:35.485] [DEBUG] cheese - login => username:admin,password:123456
[2019-11-19T18:53:35.485] [DEBUG] cheese - admin
[2019-11-19T18:53:35.489] [DEBUG] cheese - null
[2019-11-19T18:53:35.490] [DEBUG] cheese - null
[2019-11-19T18:53:37.199] [DEBUG] cheese - login => username:admin,password:123456
[2019-11-19T18:53:37.200] [DEBUG] cheese - admin
[2019-11-19T18:53:37.204] [DEBUG] cheese - null
[2019-11-19T18:53:37.204] [DEBUG] cheese - null
[2019-11-19T19:17:42.619] [DEBUG] cheese - login => username:admin,password:123456
[2019-11-19T19:17:42.619] [DEBUG] cheese - admin
[2019-11-19T19:17:42.623] [DEBUG] cheese - null
[2019-11-19T19:17:42.623] [DEBUG] cheese - null
[2019-11-19T21:11:37.550] [DEBUG] cheese - login => username:admin,password:123456
[2019-11-19T21:11:37.551] [DEBUG] cheese - admin
[2019-11-19T21:11:37.556] [DEBUG] cheese - null
[2019-11-19T21:11:37.557] [DEBUG] cheese - null
[2019-11-20T10:00:22.027] [DEBUG] cheese - login => username:admin,password:123456
[2019-11-20T10:00:22.029] [DEBUG] cheese - admin
[2019-11-20T10:00:22.415] [DEBUG] cheese - null
[2019-11-20T10:00:22.416] [DEBUG] cheese - null
[2019-11-20T10:25:42.506] [DEBUG] cheese - login => username:admin,password:123456
[2019-11-20T10:25:42.506] [DEBUG] cheese - admin
[2019-11-20T10:25:42.566] [DEBUG] cheese - null
[2019-11-20T10:25:42.566] [DEBUG] cheese - null
[2019-11-20T10:25:43.920] [DEBUG] cheese - login => username:admin,password:123456
[2019-11-20T10:25:43.920] [DEBUG] cheese - admin
[2019-11-20T10:25:43.923] [DEBUG] cheese - null
[2019-11-20T10:25:43.923] [DEBUG] cheese - null
[2019-11-20T10:31:42.982] [DEBUG] cheese - login => username:123,password:321321
[2019-11-20T10:31:42.982] [DEBUG] cheese - 123
[2019-11-20T10:31:42.985] [DEBUG] cheese - null
[2019-11-20T10:31:42.985] [DEBUG] cheese - null
[2019-11-20T10:40:56.453] [DEBUG] cheese - login => username:123,password:312123
[2019-11-20T10:40:56.453] [DEBUG] cheese - 123
[2019-11-20T10:40:56.455] [DEBUG] cheese - null
[2019-11-20T10:40:56.455] [DEBUG] cheese - null
[2019-11-20T10:45:16.685] [DEBUG] cheese - login => username:123123,password:123123123
[2019-11-20T10:45:16.686] [DEBUG] cheese - 123123
[2019-11-20T10:45:16.688] [DEBUG] cheese - null
[2019-11-20T10:45:16.688] [DEBUG] cheese - null
[2019-11-20T10:45:38.344] [DEBUG] cheese - login => username:1231,password:123123123123
[2019-11-20T10:45:38.344] [DEBUG] cheese - 1231
[2019-11-20T10:45:38.347] [DEBUG] cheese - null
[2019-11-20T10:45:38.348] [DEBUG] cheese - null
[2019-11-20T10:46:28.641] [DEBUG] cheese - login => username:1233,password:123321
[2019-11-20T10:46:28.641] [DEBUG] cheese - 1233
[2019-11-20T10:46:28.644] [DEBUG] cheese - null
[2019-11-20T10:46:28.644] [DEBUG] cheese - null
[2019-11-20T10:46:31.466] [DEBUG] cheese - login => username:1233,password:123321321
[2019-11-20T10:46:31.466] [DEBUG] cheese - 1233
[2019-11-20T10:46:31.469] [DEBUG] cheese - null
[2019-11-20T10:46:31.469] [DEBUG] cheese - null
[2019-11-20T10:46:59.228] [DEBUG] cheese - login => username:123321,password:123321321
[2019-11-20T10:46:59.228] [DEBUG] cheese - 123321
[2019-11-20T10:46:59.231] [DEBUG] cheese - login => username:123321,password:123321321
[2019-11-20T10:46:59.231] [DEBUG] cheese - 123321
[2019-11-20T10:46:59.236] [DEBUG] cheese - login => username:123321,password:123321321
[2019-11-20T10:46:59.236] [DEBUG] cheese - 123321
[2019-11-20T10:46:59.239] [DEBUG] cheese - null
[2019-11-20T10:46:59.239] [DEBUG] cheese - null
[2019-11-20T10:46:59.242] [DEBUG] cheese - login => username:123321,password:123321321
[2019-11-20T10:46:59.242] [DEBUG] cheese - 123321
[2019-11-20T10:46:59.246] [DEBUG] cheese - null
[2019-11-20T10:46:59.246] [DEBUG] cheese - null
[2019-11-20T10:46:59.248] [DEBUG] cheese - null
[2019-11-20T10:46:59.248] [DEBUG] cheese - null
[2019-11-20T10:46:59.250] [DEBUG] cheese - null
[2019-11-20T10:46:59.251] [DEBUG] cheese - null
[2019-11-20T10:47:09.042] [DEBUG] cheese - login => username:123321,password:123321321
[2019-11-20T10:47:09.042] [DEBUG] cheese - 123321
[2019-11-20T10:47:09.045] [DEBUG] cheese - null
[2019-11-20T10:47:09.045] [DEBUG] cheese - null
[2019-11-20T10:47:28.257] [DEBUG] cheese - login => username:admin,password:12345678
[2019-11-20T10:47:28.257] [DEBUG] cheese - admin
[2019-11-20T10:47:28.260] [DEBUG] cheese - null
[2019-11-20T10:47:28.261] [DEBUG] cheese - null
[2019-11-20T10:47:34.422] [DEBUG] cheese - login => username:admin,password:12345678
[2019-11-20T10:47:34.422] [DEBUG] cheese - admin
[2019-11-20T10:47:34.426] [DEBUG] cheese - null
[2019-11-20T10:47:34.426] [DEBUG] cheese - null
[2019-11-20T10:47:43.588] [DEBUG] cheese - login => username:admin,password:12345678
[2019-11-20T10:47:43.588] [DEBUG] cheese - admin
[2019-11-20T10:47:43.590] [DEBUG] cheese - null
[2019-11-20T10:47:43.590] [DEBUG] cheese - null
[2019-11-20T10:47:56.345] [DEBUG] cheese - login => username:admin,password:123456
[2019-11-20T10:47:56.345] [DEBUG] cheese - admin
[2019-11-20T10:47:56.348] [DEBUG] cheese - null
[2019-11-20T10:47:56.348] [DEBUG] cheese - null
[2019-11-20T11:01:37.381] [DEBUG] cheese - login => username:admin,password:123456
[2019-11-20T11:01:37.381] [DEBUG] cheese - admin
[2019-11-20T11:01:37.384] [DEBUG] cheese - null
[2019-11-20T11:01:37.384] [DEBUG] cheese - null
[2019-11-20T11:04:57.519] [DEBUG] cheese - login => username:admin,password:123456
[2019-11-20T11:04:57.519] [DEBUG] cheese - admin
[2019-11-20T11:04:57.523] [DEBUG] cheese - null
[2019-11-20T11:04:57.523] [DEBUG] cheese - null
[2019-11-20T11:15:29.442] [DEBUG] cheese - login => username:admin,password:123456
[2019-11-20T11:15:29.443] [DEBUG] cheese - admin
[2019-11-20T11:15:29.446] [DEBUG] cheese - null
[2019-11-20T11:15:29.446] [DEBUG] cheese - null
[2019-11-20T13:52:25.890] [DEBUG] cheese - login => username:admin,password:123456
[2019-11-20T13:52:25.890] [DEBUG] cheese - admin
[2019-11-20T13:52:25.895] [DEBUG] cheese - null
[2019-11-20T13:52:25.895] [DEBUG] cheese - null
[2019-11-20T13:56:43.381] [DEBUG] cheese - login => username:admin,password:123456
[2019-11-20T13:56:43.381] [DEBUG] cheese - admin
[2019-11-20T13:56:43.384] [DEBUG] cheese - null
[2019-11-20T13:56:43.384] [DEBUG] cheese - null
[2019-11-20T13:56:53.367] [DEBUG] cheese - login => username:admin,password:123456
[2019-11-20T13:56:53.367] [DEBUG] cheese - admin
[2019-11-20T13:56:53.369] [DEBUG] cheese - null
[2019-11-20T13:56:53.369] [DEBUG] cheese - null
[2019-11-20T13:57:04.795] [DEBUG] cheese - login => username:admin,password:123456
[2019-11-20T13:57:04.796] [DEBUG] cheese - admin
[2019-11-20T13:57:04.799] [DEBUG] cheese - null
[2019-11-20T13:57:04.800] [DEBUG] cheese - null
[2019-11-20T13:57:12.747] [DEBUG] cheese - login => username:admin,password:123456
[2019-11-20T13:57:12.747] [DEBUG] cheese - admin
[2019-11-20T13:57:12.750] [DEBUG] cheese - null
[2019-11-20T13:57:12.750] [DEBUG] cheese - null
[2019-11-20T13:57:15.423] [DEBUG] cheese - login => username:admin,password:123456
[2019-11-20T13:57:15.423] [DEBUG] cheese - admin
[2019-11-20T13:57:15.426] [DEBUG] cheese - null
[2019-11-20T13:57:15.426] [DEBUG] cheese - null
[2019-11-20T14:39:19.587] [DEBUG] cheese - login => username:admin,password:123456
[2019-11-20T14:39:19.588] [DEBUG] cheese - admin
[2019-11-20T14:39:19.591] [DEBUG] cheese - null
[2019-11-20T14:39:19.591] [DEBUG] cheese - null
[2019-11-20T16:18:25.573] [DEBUG] cheese - login => username:admin,password:123456
[2019-11-20T16:18:25.573] [DEBUG] cheese - admin
[2019-11-20T16:18:25.576] [DEBUG] cheese - null
[2019-11-20T16:18:25.576] [DEBUG] cheese - null
[2019-11-20T16:19:01.492] [DEBUG] cheese - login => username:admin,password:123456
[2019-11-20T16:19:01.492] [DEBUG] cheese - admin
[2019-11-20T16:19:01.495] [DEBUG] cheese - null
[2019-11-20T16:19:01.495] [DEBUG] cheese - null
[2019-11-20T16:22:14.889] [DEBUG] cheese - login => username:admin,password:123456
[2019-11-20T16:22:14.889] [DEBUG] cheese - admin
[2019-11-20T16:22:14.891] [DEBUG] cheese - null
[2019-11-20T16:22:14.892] [DEBUG] cheese - null
[2019-11-20T17:00:25.173] [DEBUG] cheese - login => username:admin,password:123456
[2019-11-20T17:00:25.174] [DEBUG] cheese - admin
[2019-11-20T17:00:25.177] [DEBUG] cheese - null
[2019-11-20T17:00:25.177] [DEBUG] cheese - null
[2019-11-20T17:07:57.576] [DEBUG] cheese - login => username:admin,password:123456
[2019-11-20T17:07:57.576] [DEBUG] cheese - admin
[2019-11-20T17:07:57.579] [DEBUG] cheese - null
[2019-11-20T17:07:57.579] [DEBUG] cheese - null
[2019-11-20T17:14:50.439] [DEBUG] cheese - login => username:admin,password:123456
[2019-11-20T17:14:50.439] [DEBUG] cheese - admin
[2019-11-20T17:14:50.443] [DEBUG] cheese - null
[2019-11-20T17:14:50.443] [DEBUG] cheese - null
[2019-11-20T17:29:37.933] [DEBUG] cheese - login => username:admin,password:123456
[2019-11-20T17:29:37.933] [DEBUG] cheese - admin
[2019-11-20T17:29:38.148] [DEBUG] cheese - null
[2019-11-20T17:29:38.148] [DEBUG] cheese - null
[2019-11-20T17:42:15.303] [DEBUG] cheese - login => username:admin,password:123456
[2019-11-20T17:42:15.303] [DEBUG] cheese - admin
[2019-11-20T17:42:15.307] [DEBUG] cheese - null
[2019-11-20T17:42:15.307] [DEBUG] cheese - null
[2019-11-20T17:42:23.471] [DEBUG] cheese - login => username:admin,password:123456
[2019-11-20T17:42:23.471] [DEBUG] cheese - admin
[2019-11-20T17:42:23.474] [DEBUG] cheese - null
[2019-11-20T17:42:23.475] [DEBUG] cheese - null
[2019-11-20T17:44:30.990] [DEBUG] cheese - login => username:admin,password:123456
[2019-11-20T17:44:30.990] [DEBUG] cheese - admin
[2019-11-20T17:44:30.993] [DEBUG] cheese - null
[2019-11-20T17:44:30.994] [DEBUG] cheese - null
[2019-11-20T18:08:57.462] [DEBUG] cheese - login => username:admin,password:123456
[2019-11-20T18:08:57.462] [DEBUG] cheese - admin
[2019-11-20T18:08:57.465] [DEBUG] cheese - null
[2019-11-20T18:08:57.465] [DEBUG] cheese - null
[2019-11-20T18:11:55.837] [DEBUG] cheese - login => username:admin,password:123456
[2019-11-20T18:11:55.837] [DEBUG] cheese - admin
[2019-11-20T18:11:55.839] [DEBUG] cheese - null
[2019-11-20T18:11:55.839] [DEBUG] cheese - null
[2019-11-20T18:16:50.771] [DEBUG] cheese - login => username:admin,password:123456
[2019-11-20T18:16:50.771] [DEBUG] cheese - admin
[2019-11-20T18:16:50.774] [DEBUG] cheese - null
[2019-11-20T18:16:50.774] [DEBUG] cheese - null
[2019-11-20T18:17:04.085] [DEBUG] cheese - login => username:admin,password:123456
[2019-11-20T18:17:04.085] [DEBUG] cheese - admin
[2019-11-20T18:17:04.088] [DEBUG] cheese - null
[2019-11-20T18:17:04.088] [DEBUG] cheese - null
[2019-11-20T18:27:41.111] [DEBUG] cheese - login => username:admin,password:123456
[2019-11-20T18:27:41.111] [DEBUG] cheese - admin
[2019-11-20T18:27:41.113] [DEBUG] cheese - null
[2019-11-20T18:27:41.113] [DEBUG] cheese - null
[2019-11-20T19:08:37.845] [DEBUG] cheese - login => username:admin,password:123456
[2019-11-20T19:08:37.846] [DEBUG] cheese - admin
[2019-11-20T19:08:37.849] [DEBUG] cheese - null
[2019-11-20T19:08:37.849] [DEBUG] cheese - null
[2019-11-20T19:08:42.265] [DEBUG] cheese - login => username:admin,password:123456
[2019-11-20T19:08:42.265] [DEBUG] cheese - admin
[2019-11-20T19:08:42.268] [DEBUG] cheese - null
[2019-11-20T19:08:42.268] [DEBUG] cheese - null
[2019-11-20T19:09:08.332] [DEBUG] cheese - login => username:admin,password:123456
[2019-11-20T19:09:08.333] [DEBUG] cheese - admin
[2019-11-20T19:09:08.335] [DEBUG] cheese - null
[2019-11-20T19:09:08.336] [DEBUG] cheese - null
[2019-11-20T19:09:11.845] [DEBUG] cheese - login => username:admin,password:123456
[2019-11-20T19:09:11.845] [DEBUG] cheese - admin
[2019-11-20T19:09:11.848] [DEBUG] cheese - null
[2019-11-20T19:09:11.848] [DEBUG] cheese - null
[2019-11-20T19:10:25.005] [DEBUG] cheese - login => username:admin,password:123456
[2019-11-20T19:10:25.006] [DEBUG] cheese - admin
[2019-11-20T19:10:25.008] [DEBUG] cheese - null
[2019-11-20T19:10:25.008] [DEBUG] cheese - null
[2019-11-20T20:13:01.725] [DEBUG] cheese - login => username:admin,password:123456
[2019-11-20T20:13:01.726] [DEBUG] cheese - admin
[2019-11-20T20:13:01.728] [DEBUG] cheese - null
[2019-11-20T20:13:01.728] [DEBUG] cheese - null
[2019-11-20T20:13:49.282] [DEBUG] cheese - login => username:admin,password:123456
[2019-11-20T20:13:49.282] [DEBUG] cheese - admin
[2019-11-20T20:13:49.285] [DEBUG] cheese - null
[2019-11-20T20:13:49.285] [DEBUG] cheese - null
[2019-11-20T20:15:28.974] [DEBUG] cheese - login => username:admin,password:123456
[2019-11-20T20:15:28.974] [DEBUG] cheese - admin
[2019-11-20T20:15:28.977] [DEBUG] cheese - null
[2019-11-20T20:15:28.977] [DEBUG] cheese - null
[2019-11-20T21:41:12.287] [DEBUG] cheese - login => username:admin,password:123456
[2019-11-20T21:41:12.373] [DEBUG] cheese - admin
[2019-11-20T21:41:15.056] [DEBUG] cheese - null
[2019-11-20T21:41:15.056] [DEBUG] cheese - null
[2019-11-20T23:49:36.471] [DEBUG] cheese - login => username:admin,password:123456
[2019-11-20T23:49:36.471] [DEBUG] cheese - admin
[2019-11-20T23:49:36.474] [DEBUG] cheese - null
[2019-11-20T23:49:36.474] [DEBUG] cheese - null
[2019-11-21T09:28:36.939] [DEBUG] cheese - login => username:admin,password:123456
[2019-11-21T09:28:36.943] [DEBUG] cheese - admin
[2019-11-21T09:28:37.055] [DEBUG] cheese - null
[2019-11-21T09:28:37.056] [DEBUG] cheese - null
[2019-11-21T13:50:00.782] [DEBUG] cheese - login => username:admin,password:123456
[2019-11-21T13:50:00.782] [DEBUG] cheese - admin
[2019-11-21T13:50:00.784] [DEBUG] cheese - null
[2019-11-21T13:50:00.785] [DEBUG] cheese - null
[2019-11-21T15:01:12.120] [DEBUG] cheese - login => username:admin,password:123456
[2019-11-21T15:01:12.188] [DEBUG] cheese - admin
[2019-11-21T15:01:12.245] [DEBUG] cheese - null
[2019-11-21T15:01:12.245] [DEBUG] cheese - null
[2019-11-21T17:30:17.940] [DEBUG] cheese - login => username:admin,password:123456
[2019-11-21T17:30:18.015] [DEBUG] cheese - admin
[2019-11-21T17:30:18.321] [DEBUG] cheese - null
[2019-11-21T17:30:18.328] [DEBUG] cheese - null
[2019-11-21T17:53:30.155] [DEBUG] cheese - login => username:admin,password:123456
[2019-11-21T17:53:30.271] [DEBUG] cheese - admin
[2019-11-21T17:53:30.358] [DEBUG] cheese - null
[2019-11-21T17:53:30.359] [DEBUG] cheese - null
[2019-11-21T20:29:28.331] [DEBUG] cheese - login => username:May,password:meimei0513
[2019-11-21T20:29:28.414] [DEBUG] cheese - May
[2019-11-21T20:29:28.418] [DEBUG] cheese - null
[2019-11-21T20:29:28.418] [DEBUG] cheese - null
[2019-11-21T20:29:39.463] [DEBUG] cheese - login => username:admin,password:123456
[2019-11-21T20:29:39.464] [DEBUG] cheese - admin
[2019-11-21T20:29:39.466] [DEBUG] cheese - null
[2019-11-21T20:29:39.466] [DEBUG] cheese - null
[2019-11-21T20:29:59.541] [DEBUG] cheese - login => username:May,password:meimei0513
[2019-11-21T20:29:59.542] [DEBUG] cheese - May
[2019-11-21T20:29:59.587] [DEBUG] cheese - null
[2019-11-21T20:29:59.587] [DEBUG] cheese - null
[2019-11-21T20:30:13.254] [DEBUG] cheese - login => username:May,password:meimei0513
[2019-11-21T20:30:13.254] [DEBUG] cheese - May
[2019-11-21T20:30:13.256] [DEBUG] cheese - null
[2019-11-21T20:30:13.257] [DEBUG] cheese - null
[2019-11-21T20:30:19.462] [DEBUG] cheese - login => username:admin,password:1234456
[2019-11-21T20:30:19.462] [DEBUG] cheese - admin
[2019-11-21T20:30:19.464] [DEBUG] cheese - null
[2019-11-21T20:30:19.464] [DEBUG] cheese - null
[2019-11-21T20:30:24.859] [DEBUG] cheese - login => username:admin,password:123456
[2019-11-21T20:30:24.859] [DEBUG] cheese - admin
[2019-11-21T20:30:24.861] [DEBUG] cheese - null
[2019-11-21T20:30:24.861] [DEBUG] cheese - null
[2019-11-21T22:29:09.811] [DEBUG] cheese - login => username:admin,password:123456
[2019-11-21T22:29:09.873] [DEBUG] cheese - admin
[2019-11-21T22:29:10.172] [DEBUG] cheese - null
[2019-11-21T22:29:10.172] [DEBUG] cheese - null
[2019-11-21T22:46:40.872] [DEBUG] cheese - login => username:admin,password:123456
[2019-11-21T22:46:40.912] [DEBUG] cheese - admin
[2019-11-21T22:46:40.916] [DEBUG] cheese - null
[2019-11-21T22:46:40.916] [DEBUG] cheese - null
[2019-11-22T10:04:27.254] [DEBUG] cheese - login => username:admin,password:123456
[2019-11-22T10:04:27.266] [DEBUG] cheese - admin
[2019-11-22T10:04:28.270] [DEBUG] cheese - null
[2019-11-22T10:04:28.271] [DEBUG] cheese - null
[2019-11-22T11:47:12.116] [DEBUG] cheese - null
[2019-11-22T11:47:16.806] [DEBUG] cheese - null
[2019-11-22T11:47:17.869] [DEBUG] cheese - null
[2019-11-22T11:47:25.636] [DEBUG] cheese - null
[2019-11-22T11:48:21.028] [DEBUG] cheese - null
[2019-11-22T12:04:01.319] [DEBUG] cheese - null
[2019-11-22T12:04:24.282] [DEBUG] cheese - null
[2019-11-22T12:07:08.570] [DEBUG] cheese - null
[2019-11-22T12:12:12.838] [DEBUG] cheese - null
[2019-11-22T19:16:45.181] [DEBUG] cheese - login => username:admin,password:123456
[2019-11-22T19:16:45.578] [DEBUG] cheese - admin
[2019-11-22T19:16:48.460] [DEBUG] cheese - login => username:admin,password:123456
[2019-11-22T19:16:48.666] [DEBUG] cheese - admin
[2019-11-22T19:17:03.757] [DEBUG] cheese - null
[2019-11-22T19:17:03.757] [DEBUG] cheese - null
[2019-11-22T19:17:06.895] [DEBUG] cheese - null
[2019-11-22T19:17:06.895] [DEBUG] cheese - null
[2019-11-22T23:44:29.171] [DEBUG] cheese - login => username:admin,password:123456
[2019-11-22T23:44:30.545] [DEBUG] cheese - admin
[2019-11-22T23:44:33.262] [DEBUG] cheese - null
[2019-11-22T23:44:33.283] [DEBUG] cheese - null
[2019-11-22T23:44:37.944] [DEBUG] cheese - login => username:admin,password:123456
[2019-11-22T23:44:37.953] [DEBUG] cheese - admin
[2019-11-22T23:44:38.027] [DEBUG] cheese - null
[2019-11-22T23:44:38.027] [DEBUG] cheese - null
[2019-11-25T12:07:54.986] [DEBUG] cheese - login => username:admin,password:123456
[2019-11-25T12:07:54.988] [DEBUG] cheese - admin
[2019-11-25T12:07:55.038] [DEBUG] cheese - null
[2019-11-25T12:07:55.039] [DEBUG] cheese - null
[2019-11-25T17:00:44.248] [DEBUG] cheese - login => username:admin,password:123456
[2019-11-25T17:00:44.248] [DEBUG] cheese - admin
[2019-11-25T17:00:44.252] [DEBUG] cheese - null
[2019-11-25T17:00:44.252] [DEBUG] cheese - null
[2019-11-26T10:06:16.143] [DEBUG] cheese - login => username:admin,password:123456
[2019-11-26T10:06:16.147] [DEBUG] cheese - admin
[2019-11-26T10:06:16.207] [DEBUG] cheese - null
[2019-11-26T10:06:16.209] [DEBUG] cheese - null
[2019-11-26T15:20:47.481] [DEBUG] cheese - login => username:admin,password:123456
[2019-11-26T15:20:47.483] [DEBUG] cheese - admin
[2019-11-26T15:20:47.488] [DEBUG] cheese - null
[2019-11-26T15:20:47.488] [DEBUG] cheese - null
[2019-11-27T10:11:33.738] [DEBUG] cheese - login => username:admin,password:123456
[2019-11-27T10:11:33.762] [DEBUG] cheese - admin
[2019-11-27T10:11:33.840] [DEBUG] cheese - null
[2019-11-27T10:11:33.841] [DEBUG] cheese - null
[2019-11-28T11:19:14.204] [DEBUG] cheese - login => username:admin,password:123456
[2019-11-28T11:19:14.206] [DEBUG] cheese - admin
[2019-11-28T11:19:14.281] [DEBUG] cheese - null
[2019-11-28T11:19:14.282] [DEBUG] cheese - null
[2019-11-29T11:54:54.483] [DEBUG] cheese - login => username:admin,password:123456
[2019-11-29T11:54:54.507] [DEBUG] cheese - admin
[2019-11-29T11:54:54.625] [DEBUG] cheese - null
[2019-11-29T11:54:54.627] [DEBUG] cheese - null
[2019-11-29T13:29:04.942] [DEBUG] cheese - login => username:admin,password:123456
[2019-11-29T13:29:04.944] [DEBUG] cheese - admin
[2019-11-29T13:29:04.990] [DEBUG] cheese - null
[2019-11-29T13:29:04.992] [DEBUG] cheese - null
[2019-11-29T19:06:51.149] [DEBUG] cheese - null
[2019-11-29T20:25:56.729] [DEBUG] cheese - login => username:admin,password:123456
[2019-11-29T20:25:56.731] [DEBUG] cheese - admin
[2019-11-29T20:25:56.735] [DEBUG] cheese - null
[2019-11-29T20:25:56.735] [DEBUG] cheese - null
[2019-11-29T20:35:54.234] [DEBUG] cheese - login => username:admin,password:123456
[2019-11-29T20:35:54.234] [DEBUG] cheese - admin
[2019-11-29T20:35:54.237] [DEBUG] cheese - null
[2019-11-29T20:35:54.237] [DEBUG] cheese - null
[2019-11-29T20:40:35.022] [DEBUG] cheese - login => username:admin,password:123456
[2019-11-29T20:40:35.022] [DEBUG] cheese - admin
[2019-11-29T20:40:35.025] [DEBUG] cheese - null
[2019-11-29T20:40:35.025] [DEBUG] cheese - null
[2019-11-29T21:04:36.114] [DEBUG] cheese - login => username:admin,password:123456
[2019-11-29T21:04:36.114] [DEBUG] cheese - admin
[2019-11-29T21:04:36.119] [DEBUG] cheese - null
[2019-11-29T21:04:36.119] [DEBUG] cheese - null
[2019-11-29T21:06:19.493] [DEBUG] cheese - login => username:admin,password:123456
[2019-11-29T21:06:19.493] [DEBUG] cheese - admin
[2019-11-29T21:06:19.495] [DEBUG] cheese - null
[2019-11-29T21:06:19.495] [DEBUG] cheese - null
[2019-11-29T21:06:34.702] [DEBUG] cheese - login => username:admin,password:123456
[2019-11-29T21:06:34.702] [DEBUG] cheese - admin
[2019-11-29T21:06:34.705] [DEBUG] cheese - null
[2019-11-29T21:06:34.705] [DEBUG] cheese - null
[2019-11-29T21:12:42.437] [DEBUG] cheese - login => username:admin,password:123456
[2019-11-29T21:12:42.437] [DEBUG] cheese - admin
[2019-11-29T21:12:42.440] [DEBUG] cheese - null
[2019-11-29T21:12:42.440] [DEBUG] cheese - null
[2019-11-29T21:16:43.642] [DEBUG] cheese - login => username:admin,password:123456
[2019-11-29T21:16:43.642] [DEBUG] cheese - admin
[2019-11-29T21:16:43.645] [DEBUG] cheese - null
[2019-11-29T21:16:43.645] [DEBUG] cheese - null
[2019-12-01T14:59:24.949] [DEBUG] cheese - login => username:admin,password:123456
[2019-12-01T14:59:24.951] [DEBUG] cheese - admin
[2019-12-01T14:59:24.991] [DEBUG] cheese - null
[2019-12-01T14:59:24.992] [DEBUG] cheese - null
[2019-12-01T19:48:05.682] [DEBUG] cheese - login => username:admin,password:123456
[2019-12-01T19:48:05.683] [DEBUG] cheese - admin
[2019-12-01T19:48:05.687] [DEBUG] cheese - null
[2019-12-01T19:48:05.688] [DEBUG] cheese - null
[2019-12-02T11:00:22.798] [DEBUG] cheese - login => username:admin,password:123456
[2019-12-02T11:00:22.802] [DEBUG] cheese - admin
[2019-12-02T11:00:22.867] [DEBUG] cheese - null
[2019-12-02T11:00:22.867] [DEBUG] cheese - null
[2019-12-02T12:25:09.786] [DEBUG] cheese - null
[2019-12-02T13:29:09.376] [DEBUG] cheese - login => username:admin,password:123456
[2019-12-02T13:29:09.377] [DEBUG] cheese - admin
[2019-12-02T13:29:09.383] [DEBUG] cheese - null
[2019-12-02T13:29:09.384] [DEBUG] cheese - null
[2019-12-02T14:00:01.495] [DEBUG] cheese - login => username:admin,password:123456
[2019-12-02T14:00:01.495] [DEBUG] cheese - admin
[2019-12-02T14:00:01.498] [DEBUG] cheese - null
[2019-12-02T14:00:01.498] [DEBUG] cheese - null
